<?xml version="1.0" encoding="UTF-8"?>
<testsuite xmlns:xsi="http://www.w3.org/2001/XMLSchema-instance" xsi:noNamespaceSchemaLocation="https://maven.apache.org/surefire/maven-surefire-plugin/xsd/surefire-test-report-3.0.xsd" version="3.0" name="TestSuite" time="3.125" tests="1" errors="0" skipped="0" failures="0">
  <properties>
[...]
</properties>
  <testcase name="runScenario[&quot;1) WEB Ürün Detay Video Konumlandırması (VA-187)&quot;, &quot;WEB VA BOARD - UI Web&quot;](1)" classname="io.cucumber.skeleton.RunCucumberTest" time="1.216">
    <system-out><![CDATA[2023-04-08 12:12:39,789 main ERROR Error processing element layout ([ExtentHtmlReporter: null]): CLASS_NOT_FOUND
2023-04-08 12:12:39,816 main ERROR Appenders contains an invalid element or attribute "ExtentHtmlReporter"
2023-04-08 12:12:39,822 main ERROR Unable to locate appender "htmlReporter" for logger config "root"
&amp#27;[33m[12:12:39]&amp#27;[m [INFO ] &amp#27;[35m[]&amp#27;[m &amp#27;[34m[ExecutionListener.java:13]&amp#27;[m ==> &amp#27;[32mStart of automated test execution
&amp#27;[m&amp#27;[33m[12:12:39]&amp#27;[m [INFO ] &amp#27;[35m[]&amp#27;[m &amp#27;[34m[Helper.java:44]&amp#27;[m ==> &amp#27;[32mSuccessfully deleted cee72033-0e4c-4f38-8b61-5d9eef67ff16-container.json
&amp#27;[m&amp#27;[33m[12:12:39]&amp#27;[m [INFO ] &amp#27;[35m[]&amp#27;[m &amp#27;[34m[Helper.java:44]&amp#27;[m ==> &amp#27;[32mSuccessfully deleted 8dd6c6bd-deb8-4734-afb2-09f22813d63a-result.json
&amp#27;[m&amp#27;[33m[12:12:39]&amp#27;[m [INFO ] &amp#27;[35m[]&amp#27;[m &amp#27;[34m[TestListener.java:62]&amp#27;[m ==> &amp#27;[32mExecuting test : [Run Admin Tests 1] from class [io.cucumber.skeleton.RunCucumberTest]
&amp#27;[m
@WEB @REGRESSION @PRODUCT_DETAIL @test
Scenario Outline: 1) WEB Ürün Detay Video Konumlandırması (VA-187) # src/test/resources/io/cucumber/features/web_case.feature:10
&amp#27;[33m[12:12:41]&amp#27;[m [INFO ] &amp#27;[35m[]&amp#27;[m &amp#27;[34m[SeleniumListener.java:40]&amp#27;[m ==> &amp#27;[32mTrying to navigate to url : https://www.fitmoda.com/urun/musclecloth-pro-wrist-wraps-siyah-kirmizi-2li-paket-13162
&amp#27;[m&amp#27;[33m[12:12:42]&amp#27;[m [INFO ] &amp#27;[35m[]&amp#27;[m &amp#27;[34m[SeleniumListener.java:45]&amp#27;[m ==> &amp#27;[32mNavigated to : https://www.fitmoda.com/urun/musclecloth-pro-wrist-wraps-siyah-kirmizi-2li-paket-13162
&amp#27;[m  Given load "productYoutubeVideo" url in "fitmoda"                # io.cucumber.skeleton.StepDefinitionsGeneral.loadPageUrl(java.lang.String,java.lang.String)
&amp#27;[33m[12:12:42]&amp#27;[m [INFO ] &amp#27;[35m[]&amp#27;[m &amp#27;[34m[SeleniumListener.java:162]&amp#27;[m ==> &amp#27;[32mCaptured text : [MuscleCloth Pro Wrist Wraps 2'li Paket Video] | web element : [css selector: div[class='col-lg-12 product-specifications-area'] div[class='title']]
&amp#27;[m&amp#27;[33m[12:12:42]&amp#27;[m [INFO ] &amp#27;[35m[]&amp#27;[m &amp#27;[34m[StepDefinitionsProductDetail.java:117]&amp#27;[m ==> &amp#27;[32mvideo title: MuscleCloth Pro Wrist Wraps 2'li Paket Video
&amp#27;[m  Then check video location                                        # io.cucumber.skeleton.StepDefinitionsProductDetail.checkVideoLocation()
&amp#27;[33m[12:12:42]&amp#27;[m [INFO ] &amp#27;[35m[]&amp#27;[m &amp#27;[34m[TestListener.java:25]&amp#27;[m ==> &amp#27;[32mPassed test method : [runScenario] in class [io.cucumber.skeleton.RunCucumberTest]
&amp#27;[m]]></system-out>
    <system-err><![CDATA[SLF4J: No SLF4J providers were found.
SLF4J: Defaulting to no-operation (NOP) logger implementation
SLF4J: See https://www.slf4j.org/codes.html#noProviders for further details.
SLF4J: Class path contains SLF4J bindings targeting slf4j-api versions 1.7.x or earlier.
SLF4J: Ignoring binding found at [jar:file:/Users/erdioran/.m2/repository/org/slf4j/slf4j-simple/1.7.26/slf4j-simple-1.7.26.jar!/org/slf4j/impl/StaticLoggerBinder.class]
SLF4J: See https://www.slf4j.org/codes.html#ignoredBindings for an explanation.
Starting ChromeDriver 111.0.5563.64 (c710e93d5b63b7095afe8c2c17df34408078439d-refs/branch-heads/5563@{#995}) on port 57055
Only local connections are allowed.
Please see https://chromedriver.chromium.org/security-considerations for suggestions on keeping ChromeDriver safe.
ChromeDriver was started successfully.
Apr 08, 2023 12:12:40 PM org.openqa.selenium.remote.ProtocolHandshake createSession
INFO: Detected upstream dialect: W3C
Apr 08, 2023 12:12:40 PM org.openqa.selenium.devtools.CdpVersionFinder findNearestMatch
WARNING: Unable to find an exact match for CDP version 111, so returning the closest version found: 109
Apr 08, 2023 12:12:40 PM org.openqa.selenium.devtools.CdpVersionFinder findNearestMatch
INFO: Found CDP implementation for version 111 of 109
]]></system-err>
  </testcase>
</testsuite>