<?xml version="1.0" encoding="UTF-8"?>
<testsuite xmlns:xsi="http://www.w3.org/2001/XMLSchema-instance" xsi:noNamespaceSchemaLocation="https://maven.apache.org/surefire/maven-surefire-plugin/xsd/surefire-test-report-3.0.xsd" version="3.0" name="TestSuite" time="270.107" tests="4" errors="0" skipped="1" failures="1">
  <properties>
[...]
</properties>
  <testcase name="runScenario[&quot;1) WEB Ürün Detay Video Konumlandırması (VA-187)&quot;, &quot;WEB VA BOARD - UI Web&quot;](1)" classname="io.cucumber.skeleton.RunCucumberTest" time="1.993">
    <system-out><![CDATA[2023-04-08 23:17:24,043 main ERROR Error processing element layout ([ExtentHtmlReporter: null]): CLASS_NOT_FOUND
2023-04-08 23:17:24,072 main ERROR Appenders contains an invalid element or attribute "ExtentHtmlReporter"
2023-04-08 23:17:24,078 main ERROR Unable to locate appender "htmlReporter" for logger config "root"
&amp#27;[33m[23:17:24]&amp#27;[m [INFO ] &amp#27;[35m[]&amp#27;[m &amp#27;[34m[ExecutionListener.java:13]&amp#27;[m ==> &amp#27;[32mStart of automated test execution
&amp#27;[m&amp#27;[33m[23:17:24]&amp#27;[m [INFO ] &amp#27;[35m[]&amp#27;[m &amp#27;[34m[TestListener.java:62]&amp#27;[m ==> &amp#27;[32mExecuting test : [Run Admin Tests 1] from class [io.cucumber.skeleton.RunCucumberTest]
&amp#27;[m
@WEB @REGRESSION @test
Scenario Outline: 2) WEB Fittest,Kişisel Tavsiye- URL'lere Parametre Eklenmesi - SUPPLEMENTLER / VITAMINLER (VA-194) # src/test/resources/io/cucumber/features/web_case.feature:23

@WEB @REGRESSION @PRODUCT_DETAIL @test
Scenario Outline: 1) WEB Ürün Detay Video Konumlandırması (VA-187) # src/test/resources/io/cucumber/features/web_case.feature:10

@WEB @REGRESSION @test
Scenario Outline: 2) WEB Fittest,Kişisel Tavsiye- URL'lere Parametre Eklenmesi - SUPPLEMENTLER / VITAMINLER (VA-194) # src/test/resources/io/cucumber/features/web_case.feature:22
&amp#27;[33m[23:17:25]&amp#27;[m [INFO ] &amp#27;[35m[]&amp#27;[m &amp#27;[34m[SeleniumListener.java:40]&amp#27;[m ==> &amp#27;[32mTrying to navigate to url : https://www.supplementler.com
&amp#27;[m&amp#27;[33m[23:17:25]&amp#27;[m [INFO ] &amp#27;[35m[]&amp#27;[m &amp#27;[34m[SeleniumListener.java:40]&amp#27;[m ==> &amp#27;[32mTrying to navigate to url : https://www.vitaminler.com
&amp#27;[m&amp#27;[33m[23:17:25]&amp#27;[m [INFO ] &amp#27;[35m[]&amp#27;[m &amp#27;[34m[SeleniumListener.java:40]&amp#27;[m ==> &amp#27;[32mTrying to navigate to url : https://www.fitmoda.com/urun/musclecloth-pro-wrist-wraps-siyah-kirmizi-2li-paket-13162
&amp#27;[m&amp#27;[33m[23:17:26]&amp#27;[m [INFO ] &amp#27;[35m[]&amp#27;[m &amp#27;[34m[SeleniumListener.java:45]&amp#27;[m ==> &amp#27;[32mNavigated to : https://www.supplementler.com
&amp#27;[m&amp#27;[33m[23:17:26]&amp#27;[m [INFO ] &amp#27;[35m[]&amp#27;[m &amp#27;[34m[StepDefinitionsGeneral.java:50]&amp#27;[m ==> &amp#27;[32muser is on home page supplementler
&amp#27;[m  Given load home page in "supplementler"                                                                            # io.cucumber.skeleton.StepDefinitionsGeneral.homePage(java.lang.String)
&amp#27;[33m[23:17:26]&amp#27;[m [INFO ] &amp#27;[35m[]&amp#27;[m &amp#27;[34m[SeleniumListener.java:45]&amp#27;[m ==> &amp#27;[32mNavigated to : https://www.vitaminler.com
&amp#27;[m&amp#27;[33m[23:17:26]&amp#27;[m [INFO ] &amp#27;[35m[]&amp#27;[m &amp#27;[34m[StepDefinitionsGeneral.java:50]&amp#27;[m ==> &amp#27;[32muser is on home page vitaminler
&amp#27;[m  Given load home page in "vitaminler"                                                                               # io.cucumber.skeleton.StepDefinitionsGeneral.homePage(java.lang.String)
&amp#27;[33m[23:17:26]&amp#27;[m [INFO ] &amp#27;[35m[]&amp#27;[m &amp#27;[34m[SeleniumListener.java:95]&amp#27;[m ==> &amp#27;[32mClicked : [xpath: //span[contains(text(),'Kişisel Tavsiye')]] 
&amp#27;[m&amp#27;[33m[23:17:27]&amp#27;[m [INFO ] &amp#27;[35m[]&amp#27;[m &amp#27;[34m[SeleniumListener.java:45]&amp#27;[m ==> &amp#27;[32mNavigated to : https://www.fitmoda.com/urun/musclecloth-pro-wrist-wraps-siyah-kirmizi-2li-paket-13162
&amp#27;[m  Given load "productYoutubeVideo" url in "fitmoda"                # io.cucumber.skeleton.StepDefinitionsGeneral.loadPageUrl(java.lang.String,java.lang.String)
&amp#27;[33m[23:17:27]&amp#27;[m [INFO ] &amp#27;[35m[]&amp#27;[m &amp#27;[34m[SeleniumListener.java:162]&amp#27;[m ==> &amp#27;[32mCaptured text : [MuscleCloth Pro Wrist Wraps 2'li Paket Video] | web element : [css selector: div[class='col-lg-12 product-specifications-area'] div[class='title']]
&amp#27;[m&amp#27;[33m[23:17:27]&amp#27;[m [INFO ] &amp#27;[35m[]&amp#27;[m &amp#27;[34m[StepDefinitionsProductDetail.java:117]&amp#27;[m ==> &amp#27;[32mvideo title: MuscleCloth Pro Wrist Wraps 2'li Paket Video
&amp#27;[m  Then check video location                                        # io.cucumber.skeleton.StepDefinitionsProductDetail.checkVideoLocation()
&amp#27;[33m[23:17:27]&amp#27;[m [INFO ] &amp#27;[35m[]&amp#27;[m &amp#27;[34m[TestListener.java:25]&amp#27;[m ==> &amp#27;[32mPassed test method : [runScenario] in class [io.cucumber.skeleton.RunCucumberTest]
&amp#27;[m]]></system-out>
    <system-err><![CDATA[SLF4J: No SLF4J providers were found.
SLF4J: Defaulting to no-operation (NOP) logger implementation
SLF4J: See https://www.slf4j.org/codes.html#noProviders for further details.
SLF4J: Class path contains SLF4J bindings targeting slf4j-api versions 1.7.x or earlier.
SLF4J: Ignoring binding found at [jar:file:/Users/erdioran/.m2/repository/org/slf4j/slf4j-simple/1.7.26/slf4j-simple-1.7.26.jar!/org/slf4j/impl/StaticLoggerBinder.class]
SLF4J: See https://www.slf4j.org/codes.html#ignoredBindings for an explanation.
StartiSng tCharrotmienDgr iCvherro m1e1D1r.i0Sv.et5r5 a61r31t.1i6.n40g . (5Cc5h76r13o0.me6e9D43r di(5vcbe76r13 0b1e701915.a0f.5e586c32.c61947 d(3fcd73541b046e0398b3077d08594b563a93fdbe-78r0ce925fcas1/7fbderfa83nc42c4hc0-18h707e8da4fd33s94/d45-05r86e30f@7s{8/#4b39r99ad5n}-c)rhe -fohnse/ abpdorsar/tn5 c56h60-32h@3e{a#9d9
s/5O5n6l3y@ {l#o9c99a5l} c) oonnn epcotrito n5s1 1a6r3e
 Oanlllyo wleodc.a
lP colnenaescet i5s}eo)e  nhotsnt  papsro:er/ t/a cl6hl1ro3ow2me0ed
d.Or
niPlvlyee ral.occhal connseec trsieoomen isuh mta.trpoesr :gal//ls/ocewcheurdro.im
tPyel-dercaoisnvees irsdeee.r ahctthitroponmss:i u/fm/o.croh rrsgoum/gsegdeecrsituveirroi.ntcsyh r-oconom inksuemied.poeirrngagt/ siCeohcnruso rmfietoyr- csoDunrgsigviedesertr iasoatnfiseo n.o
sn  fCkoherreo pmsiuengDggr ieCvshetrir oownmase sDo rsnivte arrk teseeapdf iesn.u
gc cCeCshhrsrofoummleeDlDyrr.iiv
veerr  swaafse .started 
succesCshfruolmleyD.r
iver was started successfully.
Apr 08, 2023 11:17:25 PM org.openqa.selenium.remote.ProtocolHandshake createSession
INFO: Detected upstream dialect: W3C
Apr 08, 2023 11:17:25 PM org.openqa.selenium.remote.ProtocolHandshake createSession
INFO: Detected upstream dialect: W3C
Apr 08, 2023 11:17:25 PM org.openqa.selenium.remote.ProtocolHandshake createSession
INFO: Detected upstream dialect: W3C
Apr 08, 2023 11:17:25 PM org.openqa.selenium.devtools.CdpVersionFinder findNearestMatch
WARNING: Unable to find an exact match for CDP version 111, so returning the closest version found: 109
Apr 08, 2023 11:17:25 PM org.openqa.selenium.devtools.CdpVersionFinder findNearestMatch
WARNING: Unable to find an exact match for CDP version 111, so returning the closest version found: 109
Apr 08, 2023 11:17:25 PM org.openqa.selenium.devtools.CdpVersionFinder findNearestMatch
WARNING: Unable to find an exact match for CDP version 111, so returning the closest version found: 109
Apr 08, 2023 11:17:25 PM org.openqa.selenium.devtools.CdpVersionFinder findNearestMatch
INFO: Found CDP implementation for version 111 of 109
Apr 08, 2023 11:17:25 PM org.openqa.selenium.devtools.CdpVersionFinder findNearestMatch
INFO: Found CDP implementation for version 111 of 109
Apr 08, 2023 11:17:25 PM org.openqa.selenium.devtools.CdpVersionFinder findNearestMatch
INFO: Found CDP implementation for version 111 of 109
]]></system-err>
  </testcase>
  <testcase name="runScenario[&quot;2) WEB Fittest,Kişisel Tavsiye- URL&apos;lere Parametre Eklenmesi - SUPPLEMENTLER / VITAMINLER (VA-194)&quot;, &quot;WEB VA BOARD - UI Web&quot;](2)" classname="io.cucumber.skeleton.RunCucumberTest" time="2.215">
    <system-out><![CDATA[  When click TEST                                                                                                    # io.cucumber.skeleton.StepDefinitionsHomePage.clickFITTEST()
  Then check test popup close icon visibility                                                                        # io.cucumber.skeleton.StepDefinitionsGeneral.checkTestPopupCloseIconVisibility()
current url:https://www.vitaminler.com/?kisiseltavsiye
  And check tab url is "/?kisiseltavsiye" in "vitaminler"                                                            # io.cucumber.skeleton.StepDefinitionsGeneral.checkTabUrlIs(java.lang.String,java.lang.String)
&amp#27;[33m[23:17:27]&amp#27;[m [INFO ] &amp#27;[35m[]&amp#27;[m &amp#27;[34m[TestListener.java:25]&amp#27;[m ==> &amp#27;[32mPassed test method : [runScenario] in class [io.cucumber.skeleton.RunCucumberTest]
&amp#27;[m]]></system-out>
  </testcase>
  <testcase name="runScenario[&quot;2) WEB Fittest,Kişisel Tavsiye- URL&apos;lere Parametre Eklenmesi - SUPPLEMENTLER / VITAMINLER (VA-194)&quot;, &quot;WEB VA BOARD - UI Web&quot;](3)" classname="io.cucumber.skeleton.RunCucumberTest" time="0">
    <skipped message="org.openqa.selenium.NoSuchElementException: no such element: Unable to locate element: {&quot;method&quot;:&quot;xpath&quot;,&quot;selector&quot;:&quot;//span[contains(text(),&apos;Kişisel Tavsiye&apos;)]&quot;}&#10;  (Session info: headless chrome=111.0.5563.146)&#10;For documentation on this error, please visit: https://selenium.dev/exceptions/#no_such_element&#10;Build info: version: &apos;4.4.0&apos;, revision: &apos;e5c75ed026a&apos;&#10;System info: host: &apos;Erdi-Arf.local&apos;, ip: &apos;fe80:0:0:0:448:488e:24fb:8d68%en0&apos;, os.name: &apos;Mac OS X&apos;, os.arch: &apos;aarch64&apos;, os.version: &apos;13.2.1&apos;, java.version: &apos;18.0.2.1&apos;&#10;Driver info: org.openqa.selenium.chrome.ChromeDriver&#10;Command: [049e37f9818b1e72bc3446da9dfc27f0, findElement {using=xpath, value=//span[contains(text(),&apos;Kişisel Tavsiye&apos;)]}]&#10;Capabilities {acceptInsecureCerts: false, browserName: chrome, browserVersion: 111.0.5563.146, chrome: {chromedriverVersion: 111.0.5563.64 (c710e93d5b63..., userDataDir: /var/folders/yv/b6knxd_j5lv...}, goog:chromeOptions: {debuggerAddress: localhost:56270}, networkConnectionEnabled: false, pageLoadStrategy: normal, platformName: MAC, proxy: Proxy(), se:cdp: ws://localhost:56270/devtoo..., se:cdpVersion: 111.0.5563.146, setWindowRect: true, strictFileInteractability: false, timeouts: {implicit: 0, pageLoad: 300000, script: 30000}, unhandledPromptBehavior: dismiss and notify, webauthn:extension:credBlob: true, webauthn:extension:largeBlob: true, webauthn:extension:minPinLength: true, webauthn:extension:prf: true, webauthn:virtualAuthenticators: true}&#10;Session ID: 049e37f9818b1e72bc3446da9dfc27f0"/>
    <system-out><![CDATA[&amp#27;[33m[23:17:31]&amp#27;[m [INFO ] &amp#27;[35m[]&amp#27;[m &amp#27;[34m[AutomationMethods.java:73]&amp#27;[m ==> &amp#27;[32mWeb element [By.xpath: //span[contains(text(),'Kişisel Tavsiye')]] | Click attempt : [0]
&amp#27;[m&amp#27;[33m[23:17:37]&amp#27;[m [INFO ] &amp#27;[35m[]&amp#27;[m &amp#27;[34m[AutomationMethods.java:73]&amp#27;[m ==> &amp#27;[32mWeb element [By.xpath: //span[contains(text(),'Kişisel Tavsiye')]] | Click attempt : [1]
&amp#27;[m&amp#27;[33m[23:17:43]&amp#27;[m [INFO ] &amp#27;[35m[]&amp#27;[m &amp#27;[34m[AutomationMethods.java:73]&amp#27;[m ==> &amp#27;[32mWeb element [By.xpath: //span[contains(text(),'Kişisel Tavsiye')]] | Click attempt : [2]
&amp#27;[m&amp#27;[33m[23:17:49]&amp#27;[m [INFO ] &amp#27;[35m[]&amp#27;[m &amp#27;[34m[AutomationMethods.java:73]&amp#27;[m ==> &amp#27;[32mWeb element [By.xpath: //span[contains(text(),'Kişisel Tavsiye')]] | Click attempt : [3]
&amp#27;[m&amp#27;[33m[23:17:55]&amp#27;[m [INFO ] &amp#27;[35m[]&amp#27;[m &amp#27;[34m[AutomationMethods.java:73]&amp#27;[m ==> &amp#27;[32mWeb element [By.xpath: //span[contains(text(),'Kişisel Tavsiye')]] | Click attempt : [4]
&amp#27;[m&amp#27;[33m[23:18:01]&amp#27;[m [INFO ] &amp#27;[35m[]&amp#27;[m &amp#27;[34m[AutomationMethods.java:73]&amp#27;[m ==> &amp#27;[32mWeb element [By.xpath: //span[contains(text(),'Kişisel Tavsiye')]] | Click attempt : [5]
&amp#27;[m&amp#27;[33m[23:18:07]&amp#27;[m [INFO ] &amp#27;[35m[]&amp#27;[m &amp#27;[34m[AutomationMethods.java:73]&amp#27;[m ==> &amp#27;[32mWeb element [By.xpath: //span[contains(text(),'Kişisel Tavsiye')]] | Click attempt : [6]
&amp#27;[m&amp#27;[33m[23:18:13]&amp#27;[m [INFO ] &amp#27;[35m[]&amp#27;[m &amp#27;[34m[AutomationMethods.java:73]&amp#27;[m ==> &amp#27;[32mWeb element [By.xpath: //span[contains(text(),'Kişisel Tavsiye')]] | Click attempt : [7]
&amp#27;[m&amp#27;[33m[23:18:19]&amp#27;[m [INFO ] &amp#27;[35m[]&amp#27;[m &amp#27;[34m[AutomationMethods.java:73]&amp#27;[m ==> &amp#27;[32mWeb element [By.xpath: //span[contains(text(),'Kişisel Tavsiye')]] | Click attempt : [8]
&amp#27;[m&amp#27;[33m[23:18:25]&amp#27;[m [INFO ] &amp#27;[35m[]&amp#27;[m &amp#27;[34m[AutomationMethods.java:73]&amp#27;[m ==> &amp#27;[32mWeb element [By.xpath: //span[contains(text(),'Kişisel Tavsiye')]] | Click attempt : [9]
&amp#27;[m&amp#27;[33m[23:18:32]&amp#27;[m [INFO ] &amp#27;[35m[]&amp#27;[m &amp#27;[34m[AutomationMethods.java:73]&amp#27;[m ==> &amp#27;[32mWeb element [By.xpath: //span[contains(text(),'Kişisel Tavsiye')]] | Click attempt : [10]
&amp#27;[m&amp#27;[33m[23:18:38]&amp#27;[m [INFO ] &amp#27;[35m[]&amp#27;[m &amp#27;[34m[AutomationMethods.java:73]&amp#27;[m ==> &amp#27;[32mWeb element [By.xpath: //span[contains(text(),'Kişisel Tavsiye')]] | Click attempt : [11]
&amp#27;[m&amp#27;[33m[23:18:44]&amp#27;[m [INFO ] &amp#27;[35m[]&amp#27;[m &amp#27;[34m[AutomationMethods.java:73]&amp#27;[m ==> &amp#27;[32mWeb element [By.xpath: //span[contains(text(),'Kişisel Tavsiye')]] | Click attempt : [12]
&amp#27;[m&amp#27;[33m[23:18:50]&amp#27;[m [INFO ] &amp#27;[35m[]&amp#27;[m &amp#27;[34m[AutomationMethods.java:73]&amp#27;[m ==> &amp#27;[32mWeb element [By.xpath: //span[contains(text(),'Kişisel Tavsiye')]] | Click attempt : [13]
&amp#27;[m&amp#27;[33m[23:18:56]&amp#27;[m [INFO ] &amp#27;[35m[]&amp#27;[m &amp#27;[34m[AutomationMethods.java:73]&amp#27;[m ==> &amp#27;[32mWeb element [By.xpath: //span[contains(text(),'Kişisel Tavsiye')]] | Click attempt : [14]
&amp#27;[m&amp#27;[33m[23:19:02]&amp#27;[m [INFO ] &amp#27;[35m[]&amp#27;[m &amp#27;[34m[AutomationMethods.java:73]&amp#27;[m ==> &amp#27;[32mWeb element [By.xpath: //span[contains(text(),'Kişisel Tavsiye')]] | Click attempt : [15]
&amp#27;[m&amp#27;[33m[23:19:08]&amp#27;[m [INFO ] &amp#27;[35m[]&amp#27;[m &amp#27;[34m[AutomationMethods.java:73]&amp#27;[m ==> &amp#27;[32mWeb element [By.xpath: //span[contains(text(),'Kişisel Tavsiye')]] | Click attempt : [16]
&amp#27;[m&amp#27;[33m[23:19:14]&amp#27;[m [INFO ] &amp#27;[35m[]&amp#27;[m &amp#27;[34m[AutomationMethods.java:73]&amp#27;[m ==> &amp#27;[32mWeb element [By.xpath: //span[contains(text(),'Kişisel Tavsiye')]] | Click attempt : [17]
&amp#27;[m&amp#27;[33m[23:19:20]&amp#27;[m [INFO ] &amp#27;[35m[]&amp#27;[m &amp#27;[34m[AutomationMethods.java:73]&amp#27;[m ==> &amp#27;[32mWeb element [By.xpath: //span[contains(text(),'Kişisel Tavsiye')]] | Click attempt : [18]
&amp#27;[m&amp#27;[33m[23:19:26]&amp#27;[m [INFO ] &amp#27;[35m[]&amp#27;[m &amp#27;[34m[AutomationMethods.java:73]&amp#27;[m ==> &amp#27;[32mWeb element [By.xpath: //span[contains(text(),'Kişisel Tavsiye')]] | Click attempt : [19]
&amp#27;[m&amp#27;[33m[23:19:32]&amp#27;[m [INFO ] &amp#27;[35m[]&amp#27;[m &amp#27;[34m[AutomationMethods.java:73]&amp#27;[m ==> &amp#27;[32mWeb element [By.xpath: //span[contains(text(),'Kişisel Tavsiye')]] | Click attempt : [20]
&amp#27;[m  When click TEST                                                                                                    # io.cucumber.skeleton.StepDefinitionsHomePage.clickFITTEST()
      java.lang.RuntimeException: org.openqa.selenium.NoSuchElementException: no such element: Unable to locate element: {"method":"xpath","selector":"//span[contains(text(),'Kişisel Tavsiye')]"}
  (Session info: headless chrome=111.0.5563.146)
For documentation on this error, please visit: https://selenium.dev/exceptions/#no_such_element
Build info: version: '4.4.0', revision: 'e5c75ed026a'
System info: host: 'Erdi-Arf.local', ip: 'fe80:0:0:0:448:488e:24fb:8d68%en0', os.name: 'Mac OS X', os.arch: 'aarch64', os.version: '13.2.1', java.version: '18.0.2.1'
Driver info: org.openqa.selenium.chrome.ChromeDriver
Command: [049e37f9818b1e72bc3446da9dfc27f0, findElement {using=xpath, value=//span[contains(text(),'Kişisel Tavsiye')]}]
Capabilities {acceptInsecureCerts: false, browserName: chrome, browserVersion: 111.0.5563.146, chrome: {chromedriverVersion: 111.0.5563.64 (c710e93d5b63..., userDataDir: /var/folders/yv/b6knxd_j5lv...}, goog:chromeOptions: {debuggerAddress: localhost:56270}, networkConnectionEnabled: false, pageLoadStrategy: normal, platformName: MAC, proxy: Proxy(), se:cdp: ws://localhost:56270/devtoo..., se:cdpVersion: 111.0.5563.146, setWindowRect: true, strictFileInteractability: false, timeouts: {implicit: 0, pageLoad: 300000, script: 30000}, unhandledPromptBehavior: dismiss and notify, webauthn:extension:credBlob: true, webauthn:extension:largeBlob: true, webauthn:extension:minPinLength: true, webauthn:extension:prf: true, webauthn:virtualAuthenticators: true}
Session ID: 049e37f9818b1e72bc3446da9dfc27f0
	at supplementler.listener.SeleniumListener.onException(SeleniumListener.java:142)
	at java.base/jdk.internal.reflect.DirectMethodHandleAccessor.invoke(DirectMethodHandleAccessor.java:104)
	at java.base/java.lang.reflect.Method.invoke(Method.java:577)
	at org.openqa.selenium.support.events.EventFiringWebDriver.lambda$new$0(EventFiringWebDriver.java:85)
	at jdk.proxy2/jdk.proxy2.$Proxy43.onException(Unknown Source)
	at org.openqa.selenium.support.events.EventFiringWebDriver.lambda$new$1(EventFiringWebDriver.java:108)
	at jdk.proxy2/jdk.proxy2.$Proxy44.findElement(Unknown Source)
	at org.openqa.selenium.support.events.EventFiringWebDriver.findElement(EventFiringWebDriver.java:195)
	at base.AutomationMethods.waitForIntervalsAndClick(AutomationMethods.java:80)
	at base.AutomationMethods.click(AutomationMethods.java:59)
	at io.cucumber.skeleton.StepDefinitionsHomePage.clickFITTEST(StepDefinitionsHomePage.java:31)
	at ✽.click TEST(file:///Users/erdioran/IdeaProjects2/supplementler_web_automation/src/test/resources/io/cucumber/features/web_case.feature:16)
Caused by: org.openqa.selenium.NoSuchElementException: no such element: Unable to locate element: {"method":"xpath","selector":"//span[contains(text(),'Kişisel Tavsiye')]"}
  (Session info: headless chrome=111.0.5563.146)
For documentation on this error, please visit: https://selenium.dev/exceptions/#no_such_element
Build info: version: '4.4.0', revision: 'e5c75ed026a'
System info: host: 'Erdi-Arf.local', ip: 'fe80:0:0:0:448:488e:24fb:8d68%en0', os.name: 'Mac OS X', os.arch: 'aarch64', os.version: '13.2.1', java.version: '18.0.2.1'
Driver info: org.openqa.selenium.chrome.ChromeDriver
Command: [049e37f9818b1e72bc3446da9dfc27f0, findElement {using=xpath, value=//span[contains(text(),'Kişisel Tavsiye')]}]
Capabilities {acceptInsecureCerts: false, browserName: chrome, browserVersion: 111.0.5563.146, chrome: {chromedriverVersion: 111.0.5563.64 (c710e93d5b63..., userDataDir: /var/folders/yv/b6knxd_j5lv...}, goog:chromeOptions: {debuggerAddress: localhost:56270}, networkConnectionEnabled: false, pageLoadStrategy: normal, platformName: MAC, proxy: Proxy(), se:cdp: ws://localhost:56270/devtoo..., se:cdpVersion: 111.0.5563.146, setWindowRect: true, strictFileInteractability: false, timeouts: {implicit: 0, pageLoad: 300000, script: 30000}, unhandledPromptBehavior: dismiss and notify, webauthn:extension:credBlob: true, webauthn:extension:largeBlob: true, webauthn:extension:minPinLength: true, webauthn:extension:prf: true, webauthn:virtualAuthenticators: true}
Session ID: 049e37f9818b1e72bc3446da9dfc27f0
	at java.base/jdk.internal.reflect.DirectConstructorHandleAccessor.newInstance(DirectConstructorHandleAccessor.java:67)
	at java.base/java.lang.reflect.Constructor.newInstanceWithCaller(Constructor.java:499)
	at java.base/java.lang.reflect.Constructor.newInstance(Constructor.java:483)
	at org.openqa.selenium.remote.codec.w3c.W3CHttpResponseCodec.createException(W3CHttpResponseCodec.java:200)
	at org.openqa.selenium.remote.codec.w3c.W3CHttpResponseCodec.decode(W3CHttpResponseCodec.java:133)
	at org.openqa.selenium.remote.codec.w3c.W3CHttpResponseCodec.decode(W3CHttpResponseCodec.java:53)
	at org.openqa.selenium.remote.HttpCommandExecutor.execute(HttpCommandExecutor.java:184)
	at org.openqa.selenium.remote.service.DriverCommandExecutor.invokeExecute(DriverCommandExecutor.java:167)
	at org.openqa.selenium.remote.service.DriverCommandExecutor.execute(DriverCommandExecutor.java:142)
	at org.openqa.selenium.remote.RemoteWebDriver.execute(RemoteWebDriver.java:547)
	at org.openqa.selenium.remote.ElementLocation$ElementFinder$2.findElement(ElementLocation.java:162)
	at org.openqa.selenium.remote.ElementLocation.findElement(ElementLocation.java:60)
	at org.openqa.selenium.remote.RemoteWebDriver.findElement(RemoteWebDriver.java:365)
	at org.openqa.selenium.remote.RemoteWebDriver.findElement(RemoteWebDriver.java:357)
	at java.base/jdk.internal.reflect.DirectMethodHandleAccessor.invoke(DirectMethodHandleAccessor.java:104)
	at java.base/java.lang.reflect.Method.invoke(Method.java:577)
	at org.openqa.selenium.support.events.EventFiringWebDriver.lambda$new$1(EventFiringWebDriver.java:106)
	at jdk.proxy2/jdk.proxy2.$Proxy44.findElement(Unknown Source)
	at org.openqa.selenium.support.events.EventFiringWebDriver.findElement(EventFiringWebDriver.java:195)
	at base.AutomationMethods.waitForIntervalsAndClick(AutomationMethods.java:80)
	at base.AutomationMethods.click(AutomationMethods.java:59)
	at io.cucumber.skeleton.StepDefinitionsHomePage.clickFITTEST(StepDefinitionsHomePage.java:31)
	at java.base/jdk.internal.reflect.DirectMethodHandleAccessor.invoke(DirectMethodHandleAccessor.java:104)
	at java.base/java.lang.reflect.Method.invoke(Method.java:577)
	at io.cucumber.java.Invoker.doInvoke(Invoker.java:66)
	at io.cucumber.java.Invoker.invoke(Invoker.java:24)
	at io.cucumber.java.AbstractGlueDefinition.invokeMethod(AbstractGlueDefinition.java:47)
	at io.cucumber.java.JavaStepDefinition.execute(JavaStepDefinition.java:29)
	at io.cucumber.core.runner.CoreStepDefinition.execute(CoreStepDefinition.java:66)
	at io.cucumber.core.runner.PickleStepDefinitionMatch.runStep(PickleStepDefinitionMatch.java:63)
	at io.cucumber.core.runner.ExecutionMode$1.execute(ExecutionMode.java:10)
	at io.cucumber.core.runner.TestStep.executeStep(TestStep.java:85)
	at io.cucumber.core.runner.TestStep.run(TestStep.java:57)
	at io.cucumber.core.runner.PickleStepTestStep.run(PickleStepTestStep.java:51)
	at io.cucumber.core.runner.TestCase.run(TestCase.java:84)
	at io.cucumber.core.runner.Runner.runPickle(Runner.java:75)
	at io.cucumber.testng.TestNGCucumberRunner.lambda$runScenario$1(TestNGCucumberRunner.java:132)
	at io.cucumber.core.runtime.CucumberExecutionContext.lambda$runTestCase$5(CucumberExecutionContext.java:129)
	at io.cucumber.core.runtime.RethrowingThrowableCollector.executeAndThrow(RethrowingThrowableCollector.java:23)
	at io.cucumber.core.runtime.CucumberExecutionContext.runTestCase(CucumberExecutionContext.java:129)
	at io.cucumber.testng.TestNGCucumberRunner.runScenario(TestNGCucumberRunner.java:129)
	at io.cucumber.testng.AbstractTestNGCucumberTests.runScenario(AbstractTestNGCucumberTests.java:35)
	at java.base/jdk.internal.reflect.DirectMethodHandleAccessor.invoke(DirectMethodHandleAccessor.java:104)
	at java.base/java.lang.reflect.Method.invoke(Method.java:577)
	at org.testng.internal.invokers.MethodInvocationHelper.invokeMethod(MethodInvocationHelper.java:139)
	at org.testng.internal.invokers.TestInvoker.invokeMethod(TestInvoker.java:677)
	at org.testng.internal.invokers.TestInvoker.invokeTestMethod(TestInvoker.java:221)
	at org.testng.internal.invokers.TestMethodWithDataProviderMethodWorker.call(TestMethodWithDataProviderMethodWorker.java:80)
	at org.testng.internal.invokers.TestMethodWithDataProviderMethodWorker.call(TestMethodWithDataProviderMethodWorker.java:17)
	at java.base/java.util.concurrent.FutureTask.run(FutureTask.java:264)
	at java.base/java.util.concurrent.Executors$RunnableAdapter.call(Executors.java:539)
	at java.base/java.util.concurrent.FutureTask.run(FutureTask.java:264)
	at java.base/java.util.concurrent.ThreadPoolExecutor.runWorker(ThreadPoolExecutor.java:1136)
	at java.base/java.util.concurrent.ThreadPoolExecutor$Worker.run(ThreadPoolExecutor.java:635)
	at java.base/java.lang.Thread.run(Thread.java:833)

  Then check test popup close icon visibility                                                                        # io.cucumber.skeleton.StepDefinitionsGeneral.checkTestPopupCloseIconVisibility()
  And check tab url is "/?fittest" in "supplementler"                                                                # io.cucumber.skeleton.StepDefinitionsGeneral.checkTabUrlIs(java.lang.String,java.lang.String)
&amp#27;[33m[23:19:38]&amp#27;[m [WARN ] &amp#27;[35m[]&amp#27;[m &amp#27;[34m[RetryAnalyzer.java:23]&amp#27;[m ==> &amp#27;[33mTest method : [runScenario] is failed due to : java.lang.RuntimeException: org.openqa.selenium.NoSuchElementException: no such element: Unable to locate element: {"method":"xpath","selector":"//span[contains(text(),'Kişisel Tavsiye')]"}
  (Session info: headless chrome=111.0.5563.146)
For documentation on this error, please visit: https://selenium.dev/exceptions/#no_such_element
Build info: version: '4.4.0', revision: 'e5c75ed026a'
System info: host: 'Erdi-Arf.local', ip: 'fe80:0:0:0:448:488e:24fb:8d68%en0', os.name: 'Mac OS X', os.arch: 'aarch64', os.version: '13.2.1', java.version: '18.0.2.1'
Driver info: org.openqa.selenium.chrome.ChromeDriver
Command: [049e37f9818b1e72bc3446da9dfc27f0, findElement {using=xpath, value=//span[contains(text(),'Kişisel Tavsiye')]}]
Capabilities {acceptInsecureCerts: false, browserName: chrome, browserVersion: 111.0.5563.146, chrome: {chromedriverVersion: 111.0.5563.64 (c710e93d5b63..., userDataDir: /var/folders/yv/b6knxd_j5lv...}, goog:chromeOptions: {debuggerAddress: localhost:56270}, networkConnectionEnabled: false, pageLoadStrategy: normal, platformName: MAC, proxy: Proxy(), se:cdp: ws://localhost:56270/devtoo..., se:cdpVersion: 111.0.5563.146, setWindowRect: true, strictFileInteractability: false, timeouts: {implicit: 0, pageLoad: 300000, script: 30000}, unhandledPromptBehavior: dismiss and notify, webauthn:extension:credBlob: true, webauthn:extension:largeBlob: true, webauthn:extension:minPinLength: true, webauthn:extension:prf: true, webauthn:virtualAuthenticators: true}
Session ID: 049e37f9818b1e72bc3446da9dfc27f0
	at supplementler.listener.SeleniumListener.onException(SeleniumListener.java:142)
	at java.base/jdk.internal.reflect.DirectMethodHandleAccessor.invoke(DirectMethodHandleAccessor.java:104)
	at java.base/java.lang.reflect.Method.invoke(Method.java:577)
	at org.openqa.selenium.support.events.EventFiringWebDriver.lambda$new$0(EventFiringWebDriver.java:85)
	at jdk.proxy2/jdk.proxy2.$Proxy43.onException(Unknown Source)
	at org.openqa.selenium.support.events.EventFiringWebDriver.lambda$new$1(EventFiringWebDriver.java:108)
	at jdk.proxy2/jdk.proxy2.$Proxy44.findElement(Unknown Source)
	at org.openqa.selenium.support.events.EventFiringWebDriver.findElement(EventFiringWebDriver.java:195)
	at base.AutomationMethods.waitForIntervalsAndClick(AutomationMethods.java:80)
	at base.AutomationMethods.click(AutomationMethods.java:59)
	at io.cucumber.skeleton.StepDefinitionsHomePage.clickFITTEST(StepDefinitionsHomePage.java:31)
	at ✽.click TEST(file:///Users/erdioran/IdeaProjects2/supplementler_web_automation/src/test/resources/io/cucumber/features/web_case.feature:16)
Caused by: org.openqa.selenium.NoSuchElementException: no such element: Unable to locate element: {"method":"xpath","selector":"//span[contains(text(),'Kişisel Tavsiye')]"}
  (Session info: headless chrome=111.0.5563.146)
For documentation on this error, please visit: https://selenium.dev/exceptions/#no_such_element
Build info: version: '4.4.0', revision: 'e5c75ed026a'
System info: host: 'Erdi-Arf.local', ip: 'fe80:0:0:0:448:488e:24fb:8d68%en0', os.name: 'Mac OS X', os.arch: 'aarch64', os.version: '13.2.1', java.version: '18.0.2.1'
Driver info: org.openqa.selenium.chrome.ChromeDriver
Command: [049e37f9818b1e72bc3446da9dfc27f0, findElement {using=xpath, value=//span[contains(text(),'Kişisel Tavsiye')]}]
Capabilities {acceptInsecureCerts: false, browserName: chrome, browserVersion: 111.0.5563.146, chrome: {chromedriverVersion: 111.0.5563.64 (c710e93d5b63..., userDataDir: /var/folders/yv/b6knxd_j5lv...}, goog:chromeOptions: {debuggerAddress: localhost:56270}, networkConnectionEnabled: false, pageLoadStrategy: normal, platformName: MAC, proxy: Proxy(), se:cdp: ws://localhost:56270/devtoo..., se:cdpVersion: 111.0.5563.146, setWindowRect: true, strictFileInteractability: false, timeouts: {implicit: 0, pageLoad: 300000, script: 30000}, unhandledPromptBehavior: dismiss and notify, webauthn:extension:credBlob: true, webauthn:extension:largeBlob: true, webauthn:extension:minPinLength: true, webauthn:extension:prf: true, webauthn:virtualAuthenticators: true}
Session ID: 049e37f9818b1e72bc3446da9dfc27f0
	at java.base/jdk.internal.reflect.DirectConstructorHandleAccessor.newInstance(DirectConstructorHandleAccessor.java:67)
	at java.base/java.lang.reflect.Constructor.newInstanceWithCaller(Constructor.java:499)
	at java.base/java.lang.reflect.Constructor.newInstance(Constructor.java:483)
	at org.openqa.selenium.remote.codec.w3c.W3CHttpResponseCodec.createException(W3CHttpResponseCodec.java:200)
	at org.openqa.selenium.remote.codec.w3c.W3CHttpResponseCodec.decode(W3CHttpResponseCodec.java:133)
	at org.openqa.selenium.remote.codec.w3c.W3CHttpResponseCodec.decode(W3CHttpResponseCodec.java:53)
	at org.openqa.selenium.remote.HttpCommandExecutor.execute(HttpCommandExecutor.java:184)
	at org.openqa.selenium.remote.service.DriverCommandExecutor.invokeExecute(DriverCommandExecutor.java:167)
	at org.openqa.selenium.remote.service.DriverCommandExecutor.execute(DriverCommandExecutor.java:142)
	at org.openqa.selenium.remote.RemoteWebDriver.execute(RemoteWebDriver.java:547)
	at org.openqa.selenium.remote.ElementLocation$ElementFinder$2.findElement(ElementLocation.java:162)
	at org.openqa.selenium.remote.ElementLocation.findElement(ElementLocation.java:60)
	at org.openqa.selenium.remote.RemoteWebDriver.findElement(RemoteWebDriver.java:365)
	at org.openqa.selenium.remote.RemoteWebDriver.findElement(RemoteWebDriver.java:357)
	at java.base/jdk.internal.reflect.DirectMethodHandleAccessor.invoke(DirectMethodHandleAccessor.java:104)
	at java.base/java.lang.reflect.Method.invoke(Method.java:577)
	at org.openqa.selenium.support.events.EventFiringWebDriver.lambda$new$1(EventFiringWebDriver.java:106)
	at jdk.proxy2/jdk.proxy2.$Proxy44.findElement(Unknown Source)
	at org.openqa.selenium.support.events.EventFiringWebDriver.findElement(EventFiringWebDriver.java:195)
	at base.AutomationMethods.waitForIntervalsAndClick(AutomationMethods.java:80)
	at base.AutomationMethods.click(AutomationMethods.java:59)
	at io.cucumber.skeleton.StepDefinitionsHomePage.clickFITTEST(StepDefinitionsHomePage.java:31)
	at java.base/jdk.internal.reflect.DirectMethodHandleAccessor.invoke(DirectMethodHandleAccessor.java:104)
	at java.base/java.lang.reflect.Method.invoke(Method.java:577)
	at io.cucumber.java.Invoker.doInvoke(Invoker.java:66)
	at io.cucumber.java.Invoker.invoke(Invoker.java:24)
	at io.cucumber.java.AbstractGlueDefinition.invokeMethod(AbstractGlueDefinition.java:47)
	at io.cucumber.java.JavaStepDefinition.execute(JavaStepDefinition.java:29)
	at io.cucumber.core.runner.CoreStepDefinition.execute(CoreStepDefinition.java:66)
	at io.cucumber.core.runner.PickleStepDefinitionMatch.runStep(PickleStepDefinitionMatch.java:63)
	at io.cucumber.core.runner.ExecutionMode$1.execute(ExecutionMode.java:10)
	at io.cucumber.core.runner.TestStep.executeStep(TestStep.java:85)
	at io.cucumber.core.runner.TestStep.run(TestStep.java:57)
	at io.cucumber.core.runner.PickleStepTestStep.run(PickleStepTestStep.java:51)
	at io.cucumber.core.runner.TestCase.run(TestCase.java:84)
	at io.cucumber.core.runner.Runner.runPickle(Runner.java:75)
	at io.cucumber.testng.TestNGCucumberRunner.lambda$runScenario$1(TestNGCucumberRunner.java:132)
	at io.cucumber.core.runtime.CucumberExecutionContext.lambda$runTestCase$5(CucumberExecutionContext.java:129)
	at io.cucumber.core.runtime.RethrowingThrowableCollector.executeAndThrow(RethrowingThrowableCollector.java:23)
	at io.cucumber.core.runtime.CucumberExecutionContext.runTestCase(CucumberExecutionContext.java:129)
	at io.cucumber.testng.TestNGCucumberRunner.runScenario(TestNGCucumberRunner.java:129)
	at io.cucumber.testng.AbstractTestNGCucumberTests.runScenario(AbstractTestNGCucumberTests.java:35)
	at java.base/jdk.internal.reflect.DirectMethodHandleAccessor.invoke(DirectMethodHandleAccessor.java:104)
	at java.base/java.lang.reflect.Method.invoke(Method.java:577)
	at org.testng.internal.invokers.MethodInvocationHelper.invokeMethod(MethodInvocationHelper.java:139)
	at org.testng.internal.invokers.TestInvoker.invokeMethod(TestInvoker.java:677)
	at org.testng.internal.invokers.TestInvoker.invokeTestMethod(TestInvoker.java:221)
	at org.testng.internal.invokers.TestMethodWithDataProviderMethodWorker.call(TestMethodWithDataProviderMethodWorker.java:80)
	at org.testng.internal.invokers.TestMethodWithDataProviderMethodWorker.call(TestMethodWithDataProviderMethodWorker.java:17)
	at java.base/java.util.concurrent.FutureTask.run(FutureTask.java:264)
	at java.base/java.util.concurrent.Executors$RunnableAdapter.call(Executors.java:539)
	at java.base/java.util.concurrent.FutureTask.run(FutureTask.java:264)
	at java.base/java.util.concurrent.ThreadPoolExecutor.runWorker(ThreadPoolExecutor.java:1136)
	at java.base/java.util.concurrent.ThreadPoolExecutor$Worker.run(ThreadPoolExecutor.java:635)
	at java.base/java.lang.Thread.run(Thread.java:833)

&amp#27;[m&amp#27;[33m[23:19:38]&amp#27;[m [WARN ] &amp#27;[35m[]&amp#27;[m &amp#27;[34m[RetryAnalyzer.java:25]&amp#27;[m ==> &amp#27;[33mRetrying failed test method : [runScenario]
&amp#27;[m&amp#27;[33m[23:19:38]&amp#27;[m [WARN ] &amp#27;[35m[]&amp#27;[m &amp#27;[34m[RetryAnalyzer.java:26]&amp#27;[m ==> &amp#27;[33mRetry count : 1
&amp#27;[m&amp#27;[33m[23:19:38]&amp#27;[m [INFO ] &amp#27;[35m[]&amp#27;[m &amp#27;[34m[TestListener.java:45]&amp#27;[m ==> &amp#27;[32mSkipped test method : [runScenario] in class [io.cucumber.skeleton.RunCucumberTest]. Depending on test method []
&amp#27;[m]]></system-out>
  </testcase>
  <testcase name="runScenario[&quot;2) WEB Fittest,Kişisel Tavsiye- URL&apos;lere Parametre Eklenmesi - SUPPLEMENTLER / VITAMINLER (VA-194)&quot;, &quot;WEB VA BOARD - UI Web&quot;](4)" classname="io.cucumber.skeleton.RunCucumberTest" time="134.455">
    <failure message="org.openqa.selenium.NoSuchElementException: no such element: Unable to locate element: {&quot;method&quot;:&quot;xpath&quot;,&quot;selector&quot;:&quot;//span[contains(text(),&apos;Kişisel Tavsiye&apos;)]&quot;}&#10;  (Session info: headless chrome=111.0.5563.146)&#10;For documentation on this error, please visit: https://selenium.dev/exceptions/#no_such_element&#10;Build info: version: &apos;4.4.0&apos;, revision: &apos;e5c75ed026a&apos;&#10;System info: host: &apos;Erdi-Arf.local&apos;, ip: &apos;fe80:0:0:0:448:488e:24fb:8d68%en0&apos;, os.name: &apos;Mac OS X&apos;, os.arch: &apos;aarch64&apos;, os.version: &apos;13.2.1&apos;, java.version: &apos;18.0.2.1&apos;&#10;Driver info: org.openqa.selenium.chrome.ChromeDriver&#10;Command: [21a5c512496854f0ea45580c8fc419fc, findElement {using=xpath, value=//span[contains(text(),&apos;Kişisel Tavsiye&apos;)]}]&#10;Capabilities {acceptInsecureCerts: false, browserName: chrome, browserVersion: 111.0.5563.146, chrome: {chromedriverVersion: 111.0.5563.64 (c710e93d5b63..., userDataDir: /var/folders/yv/b6knxd_j5lv...}, goog:chromeOptions: {debuggerAddress: localhost:56471}, networkConnectionEnabled: false, pageLoadStrategy: normal, platformName: MAC, proxy: Proxy(), se:cdp: ws://localhost:56471/devtoo..., se:cdpVersion: 111.0.5563.146, setWindowRect: true, strictFileInteractability: false, timeouts: {implicit: 0, pageLoad: 300000, script: 30000}, unhandledPromptBehavior: dismiss and notify, webauthn:extension:credBlob: true, webauthn:extension:largeBlob: true, webauthn:extension:minPinLength: true, webauthn:extension:prf: true, webauthn:virtualAuthenticators: true}&#10;Session ID: 21a5c512496854f0ea45580c8fc419fc" type="java.lang.RuntimeException"><![CDATA[java.lang.RuntimeException: 
org.openqa.selenium.NoSuchElementException: no such element: Unable to locate element: {"method":"xpath","selector":"//span[contains(text(),'Kişisel Tavsiye')]"}
  (Session info: headless chrome=111.0.5563.146)
For documentation on this error, please visit: https://selenium.dev/exceptions/#no_such_element
Build info: version: '4.4.0', revision: 'e5c75ed026a'
System info: host: 'Erdi-Arf.local', ip: 'fe80:0:0:0:448:488e:24fb:8d68%en0', os.name: 'Mac OS X', os.arch: 'aarch64', os.version: '13.2.1', java.version: '18.0.2.1'
Driver info: org.openqa.selenium.chrome.ChromeDriver
Command: [21a5c512496854f0ea45580c8fc419fc, findElement {using=xpath, value=//span[contains(text(),'Kişisel Tavsiye')]}]
Capabilities {acceptInsecureCerts: false, browserName: chrome, browserVersion: 111.0.5563.146, chrome: {chromedriverVersion: 111.0.5563.64 (c710e93d5b63..., userDataDir: /var/folders/yv/b6knxd_j5lv...}, goog:chromeOptions: {debuggerAddress: localhost:56471}, networkConnectionEnabled: false, pageLoadStrategy: normal, platformName: MAC, proxy: Proxy(), se:cdp: ws://localhost:56471/devtoo..., se:cdpVersion: 111.0.5563.146, setWindowRect: true, strictFileInteractability: false, timeouts: {implicit: 0, pageLoad: 300000, script: 30000}, unhandledPromptBehavior: dismiss and notify, webauthn:extension:credBlob: true, webauthn:extension:largeBlob: true, webauthn:extension:minPinLength: true, webauthn:extension:prf: true, webauthn:virtualAuthenticators: true}
Session ID: 21a5c512496854f0ea45580c8fc419fc
	at supplementler.listener.SeleniumListener.onException(SeleniumListener.java:142)
	at java.base/jdk.internal.reflect.DirectMethodHandleAccessor.invoke(DirectMethodHandleAccessor.java:104)
	at java.base/java.lang.reflect.Method.invoke(Method.java:577)
	at org.openqa.selenium.support.events.EventFiringWebDriver.lambda$new$0(EventFiringWebDriver.java:85)
	at jdk.proxy2/jdk.proxy2.$Proxy43.onException(Unknown Source)
	at org.openqa.selenium.support.events.EventFiringWebDriver.lambda$new$1(EventFiringWebDriver.java:108)
	at jdk.proxy2/jdk.proxy2.$Proxy44.findElement(Unknown Source)
	at org.openqa.selenium.support.events.EventFiringWebDriver.findElement(EventFiringWebDriver.java:195)
	at base.AutomationMethods.waitForIntervalsAndClick(AutomationMethods.java:80)
	at base.AutomationMethods.click(AutomationMethods.java:59)
	at io.cucumber.skeleton.StepDefinitionsHomePage.clickFITTEST(StepDefinitionsHomePage.java:31)
	at ✽.click TEST(file:///Users/erdioran/IdeaProjects2/supplementler_web_automation/src/test/resources/io/cucumber/features/web_case.feature:16)
Caused by: org.openqa.selenium.NoSuchElementException: no such element: Unable to locate element: {"method":"xpath","selector":"//span[contains(text(),'Kişisel Tavsiye')]"}
  (Session info: headless chrome=111.0.5563.146)
For documentation on this error, please visit: https://selenium.dev/exceptions/#no_such_element
Build info: version: '4.4.0', revision: 'e5c75ed026a'
System info: host: 'Erdi-Arf.local', ip: 'fe80:0:0:0:448:488e:24fb:8d68%en0', os.name: 'Mac OS X', os.arch: 'aarch64', os.version: '13.2.1', java.version: '18.0.2.1'
Driver info: org.openqa.selenium.chrome.ChromeDriver
Command: [21a5c512496854f0ea45580c8fc419fc, findElement {using=xpath, value=//span[contains(text(),'Kişisel Tavsiye')]}]
Capabilities {acceptInsecureCerts: false, browserName: chrome, browserVersion: 111.0.5563.146, chrome: {chromedriverVersion: 111.0.5563.64 (c710e93d5b63..., userDataDir: /var/folders/yv/b6knxd_j5lv...}, goog:chromeOptions: {debuggerAddress: localhost:56471}, networkConnectionEnabled: false, pageLoadStrategy: normal, platformName: MAC, proxy: Proxy(), se:cdp: ws://localhost:56471/devtoo..., se:cdpVersion: 111.0.5563.146, setWindowRect: true, strictFileInteractability: false, timeouts: {implicit: 0, pageLoad: 300000, script: 30000}, unhandledPromptBehavior: dismiss and notify, webauthn:extension:credBlob: true, webauthn:extension:largeBlob: true, webauthn:extension:minPinLength: true, webauthn:extension:prf: true, webauthn:virtualAuthenticators: true}
Session ID: 21a5c512496854f0ea45580c8fc419fc
	at java.base/jdk.internal.reflect.DirectConstructorHandleAccessor.newInstance(DirectConstructorHandleAccessor.java:67)
	at java.base/java.lang.reflect.Constructor.newInstanceWithCaller(Constructor.java:499)
	at java.base/java.lang.reflect.Constructor.newInstance(Constructor.java:483)
	at org.openqa.selenium.remote.codec.w3c.W3CHttpResponseCodec.createException(W3CHttpResponseCodec.java:200)
	at org.openqa.selenium.remote.codec.w3c.W3CHttpResponseCodec.decode(W3CHttpResponseCodec.java:133)
	at org.openqa.selenium.remote.codec.w3c.W3CHttpResponseCodec.decode(W3CHttpResponseCodec.java:53)
	at org.openqa.selenium.remote.HttpCommandExecutor.execute(HttpCommandExecutor.java:184)
	at org.openqa.selenium.remote.service.DriverCommandExecutor.invokeExecute(DriverCommandExecutor.java:167)
	at org.openqa.selenium.remote.service.DriverCommandExecutor.execute(DriverCommandExecutor.java:142)
	at org.openqa.selenium.remote.RemoteWebDriver.execute(RemoteWebDriver.java:547)
	at org.openqa.selenium.remote.ElementLocation$ElementFinder$2.findElement(ElementLocation.java:162)
	at org.openqa.selenium.remote.ElementLocation.findElement(ElementLocation.java:60)
	at org.openqa.selenium.remote.RemoteWebDriver.findElement(RemoteWebDriver.java:365)
	at org.openqa.selenium.remote.RemoteWebDriver.findElement(RemoteWebDriver.java:357)
	at java.base/jdk.internal.reflect.DirectMethodHandleAccessor.invoke(DirectMethodHandleAccessor.java:104)
	at java.base/java.lang.reflect.Method.invoke(Method.java:577)
	at org.openqa.selenium.support.events.EventFiringWebDriver.lambda$new$1(EventFiringWebDriver.java:106)
	at jdk.proxy2/jdk.proxy2.$Proxy44.findElement(Unknown Source)
	at org.openqa.selenium.support.events.EventFiringWebDriver.findElement(EventFiringWebDriver.java:195)
	at base.AutomationMethods.waitForIntervalsAndClick(AutomationMethods.java:80)
	at base.AutomationMethods.click(AutomationMethods.java:59)
	at io.cucumber.skeleton.StepDefinitionsHomePage.clickFITTEST(StepDefinitionsHomePage.java:31)
	at java.base/jdk.internal.reflect.DirectMethodHandleAccessor.invoke(DirectMethodHandleAccessor.java:104)
	at java.base/java.lang.reflect.Method.invoke(Method.java:577)
	at io.cucumber.java.Invoker.doInvoke(Invoker.java:66)
	at io.cucumber.java.Invoker.invoke(Invoker.java:24)
	at io.cucumber.java.AbstractGlueDefinition.invokeMethod(AbstractGlueDefinition.java:47)
	at io.cucumber.java.JavaStepDefinition.execute(JavaStepDefinition.java:29)
	at io.cucumber.core.runner.CoreStepDefinition.execute(CoreStepDefinition.java:66)
	at io.cucumber.core.runner.PickleStepDefinitionMatch.runStep(PickleStepDefinitionMatch.java:63)
	at io.cucumber.core.runner.ExecutionMode$1.execute(ExecutionMode.java:10)
	at io.cucumber.core.runner.TestStep.executeStep(TestStep.java:85)
	at io.cucumber.core.runner.TestStep.run(TestStep.java:57)
	at io.cucumber.core.runner.PickleStepTestStep.run(PickleStepTestStep.java:51)
	at io.cucumber.core.runner.TestCase.run(TestCase.java:84)
	at io.cucumber.core.runner.Runner.runPickle(Runner.java:75)
	at io.cucumber.testng.TestNGCucumberRunner.lambda$runScenario$1(TestNGCucumberRunner.java:132)
	at io.cucumber.core.runtime.CucumberExecutionContext.lambda$runTestCase$5(CucumberExecutionContext.java:129)
	at io.cucumber.core.runtime.RethrowingThrowableCollector.executeAndThrow(RethrowingThrowableCollector.java:23)
	at io.cucumber.core.runtime.CucumberExecutionContext.runTestCase(CucumberExecutionContext.java:129)
	at io.cucumber.testng.TestNGCucumberRunner.runScenario(TestNGCucumberRunner.java:129)
	at io.cucumber.testng.AbstractTestNGCucumberTests.runScenario(AbstractTestNGCucumberTests.java:35)
	at java.base/jdk.internal.reflect.DirectMethodHandleAccessor.invoke(DirectMethodHandleAccessor.java:104)
	at java.base/java.lang.reflect.Method.invoke(Method.java:577)
	at org.testng.internal.invokers.MethodInvocationHelper.invokeMethod(MethodInvocationHelper.java:139)
	at org.testng.internal.invokers.TestInvoker.invokeMethod(TestInvoker.java:677)
	at org.testng.internal.invokers.TestInvoker.retryFailed(TestInvoker.java:263)
	at org.testng.internal.invokers.TestMethodWithDataProviderMethodWorker.call(TestMethodWithDataProviderMethodWorker.java:103)
	at org.testng.internal.invokers.TestMethodWithDataProviderMethodWorker.call(TestMethodWithDataProviderMethodWorker.java:17)
	at java.base/java.util.concurrent.FutureTask.run(FutureTask.java:264)
	at java.base/java.util.concurrent.Executors$RunnableAdapter.call(Executors.java:539)
	at java.base/java.util.concurrent.FutureTask.run(FutureTask.java:264)
	at java.base/java.util.concurrent.ThreadPoolExecutor.runWorker(ThreadPoolExecutor.java:1136)
	at java.base/java.util.concurrent.ThreadPoolExecutor$Worker.run(ThreadPoolExecutor.java:635)
	at java.base/java.lang.Thread.run(Thread.java:833)
]]></failure>
    <system-out><![CDATA[
@WEB @REGRESSION @test
Scenario Outline: 2) WEB Fittest,Kişisel Tavsiye- URL'lere Parametre Eklenmesi - SUPPLEMENTLER / VITAMINLER (VA-194) # src/test/resources/io/cucumber/features/web_case.feature:22
&amp#27;[33m[23:19:39]&amp#27;[m [INFO ] &amp#27;[35m[]&amp#27;[m &amp#27;[34m[SeleniumListener.java:40]&amp#27;[m ==> &amp#27;[32mTrying to navigate to url : https://www.supplementler.com
&amp#27;[m&amp#27;[33m[23:19:39]&amp#27;[m [INFO ] &amp#27;[35m[]&amp#27;[m &amp#27;[34m[SeleniumListener.java:45]&amp#27;[m ==> &amp#27;[32mNavigated to : https://www.supplementler.com
&amp#27;[m&amp#27;[33m[23:19:39]&amp#27;[m [INFO ] &amp#27;[35m[]&amp#27;[m &amp#27;[34m[StepDefinitionsGeneral.java:50]&amp#27;[m ==> &amp#27;[32muser is on home page supplementler
&amp#27;[m  Given load home page in "supplementler"                                                                            # io.cucumber.skeleton.StepDefinitionsGeneral.homePage(java.lang.String)
&amp#27;[33m[23:19:45]&amp#27;[m [INFO ] &amp#27;[35m[]&amp#27;[m &amp#27;[34m[AutomationMethods.java:73]&amp#27;[m ==> &amp#27;[32mWeb element [By.xpath: //span[contains(text(),'Kişisel Tavsiye')]] | Click attempt : [0]
&amp#27;[m&amp#27;[33m[23:19:51]&amp#27;[m [INFO ] &amp#27;[35m[]&amp#27;[m &amp#27;[34m[AutomationMethods.java:73]&amp#27;[m ==> &amp#27;[32mWeb element [By.xpath: //span[contains(text(),'Kişisel Tavsiye')]] | Click attempt : [1]
&amp#27;[m&amp#27;[33m[23:19:57]&amp#27;[m [INFO ] &amp#27;[35m[]&amp#27;[m &amp#27;[34m[AutomationMethods.java:73]&amp#27;[m ==> &amp#27;[32mWeb element [By.xpath: //span[contains(text(),'Kişisel Tavsiye')]] | Click attempt : [2]
&amp#27;[m&amp#27;[33m[23:20:03]&amp#27;[m [INFO ] &amp#27;[35m[]&amp#27;[m &amp#27;[34m[AutomationMethods.java:73]&amp#27;[m ==> &amp#27;[32mWeb element [By.xpath: //span[contains(text(),'Kişisel Tavsiye')]] | Click attempt : [3]
&amp#27;[m&amp#27;[33m[23:20:09]&amp#27;[m [INFO ] &amp#27;[35m[]&amp#27;[m &amp#27;[34m[AutomationMethods.java:73]&amp#27;[m ==> &amp#27;[32mWeb element [By.xpath: //span[contains(text(),'Kişisel Tavsiye')]] | Click attempt : [4]
&amp#27;[m&amp#27;[33m[23:20:15]&amp#27;[m [INFO ] &amp#27;[35m[]&amp#27;[m &amp#27;[34m[AutomationMethods.java:73]&amp#27;[m ==> &amp#27;[32mWeb element [By.xpath: //span[contains(text(),'Kişisel Tavsiye')]] | Click attempt : [5]
&amp#27;[m&amp#27;[33m[23:20:21]&amp#27;[m [INFO ] &amp#27;[35m[]&amp#27;[m &amp#27;[34m[AutomationMethods.java:73]&amp#27;[m ==> &amp#27;[32mWeb element [By.xpath: //span[contains(text(),'Kişisel Tavsiye')]] | Click attempt : [6]
&amp#27;[m&amp#27;[33m[23:20:27]&amp#27;[m [INFO ] &amp#27;[35m[]&amp#27;[m &amp#27;[34m[AutomationMethods.java:73]&amp#27;[m ==> &amp#27;[32mWeb element [By.xpath: //span[contains(text(),'Kişisel Tavsiye')]] | Click attempt : [7]
&amp#27;[m&amp#27;[33m[23:20:33]&amp#27;[m [INFO ] &amp#27;[35m[]&amp#27;[m &amp#27;[34m[AutomationMethods.java:73]&amp#27;[m ==> &amp#27;[32mWeb element [By.xpath: //span[contains(text(),'Kişisel Tavsiye')]] | Click attempt : [8]
&amp#27;[m&amp#27;[33m[23:20:39]&amp#27;[m [INFO ] &amp#27;[35m[]&amp#27;[m &amp#27;[34m[AutomationMethods.java:73]&amp#27;[m ==> &amp#27;[32mWeb element [By.xpath: //span[contains(text(),'Kişisel Tavsiye')]] | Click attempt : [9]
&amp#27;[m&amp#27;[33m[23:20:45]&amp#27;[m [INFO ] &amp#27;[35m[]&amp#27;[m &amp#27;[34m[AutomationMethods.java:73]&amp#27;[m ==> &amp#27;[32mWeb element [By.xpath: //span[contains(text(),'Kişisel Tavsiye')]] | Click attempt : [10]
&amp#27;[m&amp#27;[33m[23:20:51]&amp#27;[m [INFO ] &amp#27;[35m[]&amp#27;[m &amp#27;[34m[AutomationMethods.java:73]&amp#27;[m ==> &amp#27;[32mWeb element [By.xpath: //span[contains(text(),'Kişisel Tavsiye')]] | Click attempt : [11]
&amp#27;[m&amp#27;[33m[23:20:57]&amp#27;[m [INFO ] &amp#27;[35m[]&amp#27;[m &amp#27;[34m[AutomationMethods.java:73]&amp#27;[m ==> &amp#27;[32mWeb element [By.xpath: //span[contains(text(),'Kişisel Tavsiye')]] | Click attempt : [12]
&amp#27;[m&amp#27;[33m[23:21:03]&amp#27;[m [INFO ] &amp#27;[35m[]&amp#27;[m &amp#27;[34m[AutomationMethods.java:73]&amp#27;[m ==> &amp#27;[32mWeb element [By.xpath: //span[contains(text(),'Kişisel Tavsiye')]] | Click attempt : [13]
&amp#27;[m&amp#27;[33m[23:21:09]&amp#27;[m [INFO ] &amp#27;[35m[]&amp#27;[m &amp#27;[34m[AutomationMethods.java:73]&amp#27;[m ==> &amp#27;[32mWeb element [By.xpath: //span[contains(text(),'Kişisel Tavsiye')]] | Click attempt : [14]
&amp#27;[m&amp#27;[33m[23:21:15]&amp#27;[m [INFO ] &amp#27;[35m[]&amp#27;[m &amp#27;[34m[AutomationMethods.java:73]&amp#27;[m ==> &amp#27;[32mWeb element [By.xpath: //span[contains(text(),'Kişisel Tavsiye')]] | Click attempt : [15]
&amp#27;[m&amp#27;[33m[23:21:21]&amp#27;[m [INFO ] &amp#27;[35m[]&amp#27;[m &amp#27;[34m[AutomationMethods.java:73]&amp#27;[m ==> &amp#27;[32mWeb element [By.xpath: //span[contains(text(),'Kişisel Tavsiye')]] | Click attempt : [16]
&amp#27;[m&amp#27;[33m[23:21:27]&amp#27;[m [INFO ] &amp#27;[35m[]&amp#27;[m &amp#27;[34m[AutomationMethods.java:73]&amp#27;[m ==> &amp#27;[32mWeb element [By.xpath: //span[contains(text(),'Kişisel Tavsiye')]] | Click attempt : [17]
&amp#27;[m&amp#27;[33m[23:21:33]&amp#27;[m [INFO ] &amp#27;[35m[]&amp#27;[m &amp#27;[34m[AutomationMethods.java:73]&amp#27;[m ==> &amp#27;[32mWeb element [By.xpath: //span[contains(text(),'Kişisel Tavsiye')]] | Click attempt : [18]
&amp#27;[m&amp#27;[33m[23:21:39]&amp#27;[m [INFO ] &amp#27;[35m[]&amp#27;[m &amp#27;[34m[AutomationMethods.java:73]&amp#27;[m ==> &amp#27;[32mWeb element [By.xpath: //span[contains(text(),'Kişisel Tavsiye')]] | Click attempt : [19]
&amp#27;[m&amp#27;[33m[23:21:46]&amp#27;[m [INFO ] &amp#27;[35m[]&amp#27;[m &amp#27;[34m[AutomationMethods.java:73]&amp#27;[m ==> &amp#27;[32mWeb element [By.xpath: //span[contains(text(),'Kişisel Tavsiye')]] | Click attempt : [20]
&amp#27;[m  When click TEST                                                                                                    # io.cucumber.skeleton.StepDefinitionsHomePage.clickFITTEST()
      java.lang.RuntimeException: org.openqa.selenium.NoSuchElementException: no such element: Unable to locate element: {"method":"xpath","selector":"//span[contains(text(),'Kişisel Tavsiye')]"}
  (Session info: headless chrome=111.0.5563.146)
For documentation on this error, please visit: https://selenium.dev/exceptions/#no_such_element
Build info: version: '4.4.0', revision: 'e5c75ed026a'
System info: host: 'Erdi-Arf.local', ip: 'fe80:0:0:0:448:488e:24fb:8d68%en0', os.name: 'Mac OS X', os.arch: 'aarch64', os.version: '13.2.1', java.version: '18.0.2.1'
Driver info: org.openqa.selenium.chrome.ChromeDriver
Command: [21a5c512496854f0ea45580c8fc419fc, findElement {using=xpath, value=//span[contains(text(),'Kişisel Tavsiye')]}]
Capabilities {acceptInsecureCerts: false, browserName: chrome, browserVersion: 111.0.5563.146, chrome: {chromedriverVersion: 111.0.5563.64 (c710e93d5b63..., userDataDir: /var/folders/yv/b6knxd_j5lv...}, goog:chromeOptions: {debuggerAddress: localhost:56471}, networkConnectionEnabled: false, pageLoadStrategy: normal, platformName: MAC, proxy: Proxy(), se:cdp: ws://localhost:56471/devtoo..., se:cdpVersion: 111.0.5563.146, setWindowRect: true, strictFileInteractability: false, timeouts: {implicit: 0, pageLoad: 300000, script: 30000}, unhandledPromptBehavior: dismiss and notify, webauthn:extension:credBlob: true, webauthn:extension:largeBlob: true, webauthn:extension:minPinLength: true, webauthn:extension:prf: true, webauthn:virtualAuthenticators: true}
Session ID: 21a5c512496854f0ea45580c8fc419fc
	at supplementler.listener.SeleniumListener.onException(SeleniumListener.java:142)
	at java.base/jdk.internal.reflect.DirectMethodHandleAccessor.invoke(DirectMethodHandleAccessor.java:104)
	at java.base/java.lang.reflect.Method.invoke(Method.java:577)
	at org.openqa.selenium.support.events.EventFiringWebDriver.lambda$new$0(EventFiringWebDriver.java:85)
	at jdk.proxy2/jdk.proxy2.$Proxy43.onException(Unknown Source)
	at org.openqa.selenium.support.events.EventFiringWebDriver.lambda$new$1(EventFiringWebDriver.java:108)
	at jdk.proxy2/jdk.proxy2.$Proxy44.findElement(Unknown Source)
	at org.openqa.selenium.support.events.EventFiringWebDriver.findElement(EventFiringWebDriver.java:195)
	at base.AutomationMethods.waitForIntervalsAndClick(AutomationMethods.java:80)
	at base.AutomationMethods.click(AutomationMethods.java:59)
	at io.cucumber.skeleton.StepDefinitionsHomePage.clickFITTEST(StepDefinitionsHomePage.java:31)
	at ✽.click TEST(file:///Users/erdioran/IdeaProjects2/supplementler_web_automation/src/test/resources/io/cucumber/features/web_case.feature:16)
Caused by: org.openqa.selenium.NoSuchElementException: no such element: Unable to locate element: {"method":"xpath","selector":"//span[contains(text(),'Kişisel Tavsiye')]"}
  (Session info: headless chrome=111.0.5563.146)
For documentation on this error, please visit: https://selenium.dev/exceptions/#no_such_element
Build info: version: '4.4.0', revision: 'e5c75ed026a'
System info: host: 'Erdi-Arf.local', ip: 'fe80:0:0:0:448:488e:24fb:8d68%en0', os.name: 'Mac OS X', os.arch: 'aarch64', os.version: '13.2.1', java.version: '18.0.2.1'
Driver info: org.openqa.selenium.chrome.ChromeDriver
Command: [21a5c512496854f0ea45580c8fc419fc, findElement {using=xpath, value=//span[contains(text(),'Kişisel Tavsiye')]}]
Capabilities {acceptInsecureCerts: false, browserName: chrome, browserVersion: 111.0.5563.146, chrome: {chromedriverVersion: 111.0.5563.64 (c710e93d5b63..., userDataDir: /var/folders/yv/b6knxd_j5lv...}, goog:chromeOptions: {debuggerAddress: localhost:56471}, networkConnectionEnabled: false, pageLoadStrategy: normal, platformName: MAC, proxy: Proxy(), se:cdp: ws://localhost:56471/devtoo..., se:cdpVersion: 111.0.5563.146, setWindowRect: true, strictFileInteractability: false, timeouts: {implicit: 0, pageLoad: 300000, script: 30000}, unhandledPromptBehavior: dismiss and notify, webauthn:extension:credBlob: true, webauthn:extension:largeBlob: true, webauthn:extension:minPinLength: true, webauthn:extension:prf: true, webauthn:virtualAuthenticators: true}
Session ID: 21a5c512496854f0ea45580c8fc419fc
	at java.base/jdk.internal.reflect.DirectConstructorHandleAccessor.newInstance(DirectConstructorHandleAccessor.java:67)
	at java.base/java.lang.reflect.Constructor.newInstanceWithCaller(Constructor.java:499)
	at java.base/java.lang.reflect.Constructor.newInstance(Constructor.java:483)
	at org.openqa.selenium.remote.codec.w3c.W3CHttpResponseCodec.createException(W3CHttpResponseCodec.java:200)
	at org.openqa.selenium.remote.codec.w3c.W3CHttpResponseCodec.decode(W3CHttpResponseCodec.java:133)
	at org.openqa.selenium.remote.codec.w3c.W3CHttpResponseCodec.decode(W3CHttpResponseCodec.java:53)
	at org.openqa.selenium.remote.HttpCommandExecutor.execute(HttpCommandExecutor.java:184)
	at org.openqa.selenium.remote.service.DriverCommandExecutor.invokeExecute(DriverCommandExecutor.java:167)
	at org.openqa.selenium.remote.service.DriverCommandExecutor.execute(DriverCommandExecutor.java:142)
	at org.openqa.selenium.remote.RemoteWebDriver.execute(RemoteWebDriver.java:547)
	at org.openqa.selenium.remote.ElementLocation$ElementFinder$2.findElement(ElementLocation.java:162)
	at org.openqa.selenium.remote.ElementLocation.findElement(ElementLocation.java:60)
	at org.openqa.selenium.remote.RemoteWebDriver.findElement(RemoteWebDriver.java:365)
	at org.openqa.selenium.remote.RemoteWebDriver.findElement(RemoteWebDriver.java:357)
	at java.base/jdk.internal.reflect.DirectMethodHandleAccessor.invoke(DirectMethodHandleAccessor.java:104)
	at java.base/java.lang.reflect.Method.invoke(Method.java:577)
	at org.openqa.selenium.support.events.EventFiringWebDriver.lambda$new$1(EventFiringWebDriver.java:106)
	at jdk.proxy2/jdk.proxy2.$Proxy44.findElement(Unknown Source)
	at org.openqa.selenium.support.events.EventFiringWebDriver.findElement(EventFiringWebDriver.java:195)
	at base.AutomationMethods.waitForIntervalsAndClick(AutomationMethods.java:80)
	at base.AutomationMethods.click(AutomationMethods.java:59)
	at io.cucumber.skeleton.StepDefinitionsHomePage.clickFITTEST(StepDefinitionsHomePage.java:31)
	at java.base/jdk.internal.reflect.DirectMethodHandleAccessor.invoke(DirectMethodHandleAccessor.java:104)
	at java.base/java.lang.reflect.Method.invoke(Method.java:577)
	at io.cucumber.java.Invoker.doInvoke(Invoker.java:66)
	at io.cucumber.java.Invoker.invoke(Invoker.java:24)
	at io.cucumber.java.AbstractGlueDefinition.invokeMethod(AbstractGlueDefinition.java:47)
	at io.cucumber.java.JavaStepDefinition.execute(JavaStepDefinition.java:29)
	at io.cucumber.core.runner.CoreStepDefinition.execute(CoreStepDefinition.java:66)
	at io.cucumber.core.runner.PickleStepDefinitionMatch.runStep(PickleStepDefinitionMatch.java:63)
	at io.cucumber.core.runner.ExecutionMode$1.execute(ExecutionMode.java:10)
	at io.cucumber.core.runner.TestStep.executeStep(TestStep.java:85)
	at io.cucumber.core.runner.TestStep.run(TestStep.java:57)
	at io.cucumber.core.runner.PickleStepTestStep.run(PickleStepTestStep.java:51)
	at io.cucumber.core.runner.TestCase.run(TestCase.java:84)
	at io.cucumber.core.runner.Runner.runPickle(Runner.java:75)
	at io.cucumber.testng.TestNGCucumberRunner.lambda$runScenario$1(TestNGCucumberRunner.java:132)
	at io.cucumber.core.runtime.CucumberExecutionContext.lambda$runTestCase$5(CucumberExecutionContext.java:129)
	at io.cucumber.core.runtime.RethrowingThrowableCollector.executeAndThrow(RethrowingThrowableCollector.java:23)
	at io.cucumber.core.runtime.CucumberExecutionContext.runTestCase(CucumberExecutionContext.java:129)
	at io.cucumber.testng.TestNGCucumberRunner.runScenario(TestNGCucumberRunner.java:129)
	at io.cucumber.testng.AbstractTestNGCucumberTests.runScenario(AbstractTestNGCucumberTests.java:35)
	at java.base/jdk.internal.reflect.DirectMethodHandleAccessor.invoke(DirectMethodHandleAccessor.java:104)
	at java.base/java.lang.reflect.Method.invoke(Method.java:577)
	at org.testng.internal.invokers.MethodInvocationHelper.invokeMethod(MethodInvocationHelper.java:139)
	at org.testng.internal.invokers.TestInvoker.invokeMethod(TestInvoker.java:677)
	at org.testng.internal.invokers.TestInvoker.retryFailed(TestInvoker.java:263)
	at org.testng.internal.invokers.TestMethodWithDataProviderMethodWorker.call(TestMethodWithDataProviderMethodWorker.java:103)
	at org.testng.internal.invokers.TestMethodWithDataProviderMethodWorker.call(TestMethodWithDataProviderMethodWorker.java:17)
	at java.base/java.util.concurrent.FutureTask.run(FutureTask.java:264)
	at java.base/java.util.concurrent.Executors$RunnableAdapter.call(Executors.java:539)
	at java.base/java.util.concurrent.FutureTask.run(FutureTask.java:264)
	at java.base/java.util.concurrent.ThreadPoolExecutor.runWorker(ThreadPoolExecutor.java:1136)
	at java.base/java.util.concurrent.ThreadPoolExecutor$Worker.run(ThreadPoolExecutor.java:635)
	at java.base/java.lang.Thread.run(Thread.java:833)

  Then check test popup close icon visibility                                                                        # io.cucumber.skeleton.StepDefinitionsGeneral.checkTestPopupCloseIconVisibility()
  And check tab url is "/?fittest" in "supplementler"                                                                # io.cucumber.skeleton.StepDefinitionsGeneral.checkTabUrlIs(java.lang.String,java.lang.String)
&amp#27;[33m[23:21:52]&amp#27;[m [INFO ] &amp#27;[35m[]&amp#27;[m &amp#27;[34m[RetryAnalyzer.java:32]&amp#27;[m ==> &amp#27;[32m[runScenario] didn't pass after [1] retries
&amp#27;[m&amp#27;[33m[23:21:52]&amp#27;[m [INFO ] &amp#27;[35m[]&amp#27;[m &amp#27;[34m[TestListener.java:30]&amp#27;[m ==> &amp#27;[32mFailed test method : [runScenario] in class [io.cucumber.skeleton.RunCucumberTest]
&amp#27;[m&amp#27;[33m[23:21:52]&amp#27;[m [ERROR] &amp#27;[35m[]&amp#27;[m &amp#27;[34m[TestListener.java:32]&amp#27;[m ==> &amp#27;[31mjava.lang.RuntimeException: org.openqa.selenium.NoSuchElementException: no such element: Unable to locate element: {"method":"xpath","selector":"//span[contains(text(),'Kişisel Tavsiye')]"}
  (Session info: headless chrome=111.0.5563.146)
For documentation on this error, please visit: https://selenium.dev/exceptions/#no_such_element
Build info: version: '4.4.0', revision: 'e5c75ed026a'
System info: host: 'Erdi-Arf.local', ip: 'fe80:0:0:0:448:488e:24fb:8d68%en0', os.name: 'Mac OS X', os.arch: 'aarch64', os.version: '13.2.1', java.version: '18.0.2.1'
Driver info: org.openqa.selenium.chrome.ChromeDriver
Command: [21a5c512496854f0ea45580c8fc419fc, findElement {using=xpath, value=//span[contains(text(),'Kişisel Tavsiye')]}]
Capabilities {acceptInsecureCerts: false, browserName: chrome, browserVersion: 111.0.5563.146, chrome: {chromedriverVersion: 111.0.5563.64 (c710e93d5b63..., userDataDir: /var/folders/yv/b6knxd_j5lv...}, goog:chromeOptions: {debuggerAddress: localhost:56471}, networkConnectionEnabled: false, pageLoadStrategy: normal, platformName: MAC, proxy: Proxy(), se:cdp: ws://localhost:56471/devtoo..., se:cdpVersion: 111.0.5563.146, setWindowRect: true, strictFileInteractability: false, timeouts: {implicit: 0, pageLoad: 300000, script: 30000}, unhandledPromptBehavior: dismiss and notify, webauthn:extension:credBlob: true, webauthn:extension:largeBlob: true, webauthn:extension:minPinLength: true, webauthn:extension:prf: true, webauthn:virtualAuthenticators: true}
Session ID: 21a5c512496854f0ea45580c8fc419fc
&amp#27;[m]]></system-out>
    <system-err><![CDATA[Starting ChromeDriver 111.0.5563.64 (c710e93d5b63b7095afe8c2c17df34408078439d-refs/branch-heads/5563@{#995}) on port 52369
Only local connections are allowed.
Please see https://chromedriver.chromium.org/security-considerations for suggestions on keeping ChromeDriver safe.
ChromeDriver was started successfully.
Apr 08, 2023 11:19:38 PM org.openqa.selenium.remote.ProtocolHandshake createSession
INFO: Detected upstream dialect: W3C
Apr 08, 2023 11:19:38 PM org.openqa.selenium.devtools.CdpVersionFinder findNearestMatch
WARNING: Unable to find an exact match for CDP version 111, so returning the closest version found: 109
Apr 08, 2023 11:19:38 PM org.openqa.selenium.devtools.CdpVersionFinder findNearestMatch
INFO: Found CDP implementation for version 111 of 109
]]></system-err>
  </testcase>
</testsuite>